mode: set
github.com/benoctopus/sesh/main.go:8.13,10.2 1 0
github.com/benoctopus/sesh/internal/config/config.go:25.37,28.22 2 1
github.com/benoctopus/sesh/internal/config/config.go:29.16,31.17 2 0
github.com/benoctopus/sesh/internal/config/config.go:31.17,33.4 1 0
github.com/benoctopus/sesh/internal/config/config.go:34.3,34.66 1 0
github.com/benoctopus/sesh/internal/config/config.go:35.17,37.20 2 0
github.com/benoctopus/sesh/internal/config/config.go:37.20,39.4 1 0
github.com/benoctopus/sesh/internal/config/config.go:40.3,40.20 1 0
github.com/benoctopus/sesh/internal/config/config.go:41.10,43.26 2 1
github.com/benoctopus/sesh/internal/config/config.go:43.26,45.4 1 1
github.com/benoctopus/sesh/internal/config/config.go:45.9,47.18 2 0
github.com/benoctopus/sesh/internal/config/config.go:47.18,49.5 1 0
github.com/benoctopus/sesh/internal/config/config.go:50.4,50.44 1 0
github.com/benoctopus/sesh/internal/config/config.go:54.2,54.44 1 1
github.com/benoctopus/sesh/internal/config/config.go:58.40,60.57 1 1
github.com/benoctopus/sesh/internal/config/config.go:60.57,62.3 1 1
github.com/benoctopus/sesh/internal/config/config.go:65.2,66.45 2 1
github.com/benoctopus/sesh/internal/config/config.go:66.45,68.3 1 0
github.com/benoctopus/sesh/internal/config/config.go:71.2,72.16 2 1
github.com/benoctopus/sesh/internal/config/config.go:72.16,74.3 1 0
github.com/benoctopus/sesh/internal/config/config.go:76.2,76.42 1 1
github.com/benoctopus/sesh/internal/config/config.go:80.42,82.71 1 1
github.com/benoctopus/sesh/internal/config/config.go:82.71,84.3 1 1
github.com/benoctopus/sesh/internal/config/config.go:87.2,88.47 2 1
github.com/benoctopus/sesh/internal/config/config.go:88.47,90.3 1 0
github.com/benoctopus/sesh/internal/config/config.go:93.2,93.20 1 1
github.com/benoctopus/sesh/internal/config/config.go:97.34,99.16 2 1
github.com/benoctopus/sesh/internal/config/config.go:99.16,101.3 1 0
github.com/benoctopus/sesh/internal/config/config.go:103.2,103.49 1 1
github.com/benoctopus/sesh/internal/config/config.go:107.30,109.16 2 0
github.com/benoctopus/sesh/internal/config/config.go:109.16,111.3 1 0
github.com/benoctopus/sesh/internal/config/config.go:113.2,113.53 1 0
github.com/benoctopus/sesh/internal/config/config.go:113.53,115.3 1 0
github.com/benoctopus/sesh/internal/config/config.go:117.2,117.12 1 0
github.com/benoctopus/sesh/internal/config/config.go:121.33,123.16 2 0
github.com/benoctopus/sesh/internal/config/config.go:123.16,125.3 1 0
github.com/benoctopus/sesh/internal/config/config.go:127.2,127.56 1 0
github.com/benoctopus/sesh/internal/config/config.go:127.56,129.3 1 0
github.com/benoctopus/sesh/internal/config/config.go:131.2,131.12 1 0
github.com/benoctopus/sesh/internal/config/config.go:135.36,137.16 2 1
github.com/benoctopus/sesh/internal/config/config.go:137.16,139.3 1 0
github.com/benoctopus/sesh/internal/config/config.go:141.2,142.16 2 1
github.com/benoctopus/sesh/internal/config/config.go:142.16,144.3 1 0
github.com/benoctopus/sesh/internal/config/config.go:146.2,149.8 1 1
github.com/benoctopus/sesh/internal/config/config.go:153.44,155.16 2 1
github.com/benoctopus/sesh/internal/config/config.go:155.16,157.3 1 0
github.com/benoctopus/sesh/internal/config/config.go:159.2,162.55 2 1
github.com/benoctopus/sesh/internal/config/config.go:162.55,164.3 1 1
github.com/benoctopus/sesh/internal/config/config.go:166.2,167.16 2 0
github.com/benoctopus/sesh/internal/config/config.go:167.16,169.3 1 0
github.com/benoctopus/sesh/internal/config/config.go:171.2,172.54 2 0
github.com/benoctopus/sesh/internal/config/config.go:172.54,174.3 1 0
github.com/benoctopus/sesh/internal/config/config.go:176.2,176.21 1 0
github.com/benoctopus/sesh/internal/config/config.go:180.46,181.38 1 1
github.com/benoctopus/sesh/internal/config/config.go:181.38,183.3 1 1
github.com/benoctopus/sesh/internal/config/config.go:185.2,186.16 2 1
github.com/benoctopus/sesh/internal/config/config.go:186.16,188.3 1 0
github.com/benoctopus/sesh/internal/config/config.go:190.2,190.20 1 1
github.com/benoctopus/sesh/internal/config/config.go:190.20,192.3 1 1
github.com/benoctopus/sesh/internal/config/config.go:194.2,194.53 1 1
github.com/benoctopus/sesh/internal/config/config.go:194.53,196.3 1 1
github.com/benoctopus/sesh/internal/config/config.go:198.2,198.18 1 0
github.com/benoctopus/sesh/cmd/clone.go:31.13,33.2 1 1
github.com/benoctopus/sesh/cmd/clone.go:35.56,40.16 3 0
github.com/benoctopus/sesh/cmd/clone.go:40.16,42.3 1 0
github.com/benoctopus/sesh/cmd/clone.go:45.2,45.52 1 0
github.com/benoctopus/sesh/cmd/clone.go:45.52,47.3 1 0
github.com/benoctopus/sesh/cmd/clone.go:50.2,51.16 2 0
github.com/benoctopus/sesh/cmd/clone.go:51.16,53.3 1 0
github.com/benoctopus/sesh/cmd/clone.go:55.2,56.16 2 0
github.com/benoctopus/sesh/cmd/clone.go:56.16,58.3 1 0
github.com/benoctopus/sesh/cmd/clone.go:59.2,63.16 3 0
github.com/benoctopus/sesh/cmd/clone.go:63.16,65.3 1 0
github.com/benoctopus/sesh/cmd/clone.go:68.2,69.40 2 0
github.com/benoctopus/sesh/cmd/clone.go:69.40,71.3 1 0
github.com/benoctopus/sesh/cmd/clone.go:72.2,72.28 1 0
github.com/benoctopus/sesh/cmd/clone.go:72.28,74.3 1 0
github.com/benoctopus/sesh/cmd/clone.go:77.2,82.59 4 0
github.com/benoctopus/sesh/cmd/clone.go:82.59,84.3 1 0
github.com/benoctopus/sesh/cmd/clone.go:87.2,92.60 2 0
github.com/benoctopus/sesh/cmd/clone.go:92.60,94.3 1 0
github.com/benoctopus/sesh/cmd/clone.go:97.2,98.16 2 0
github.com/benoctopus/sesh/cmd/clone.go:98.16,100.3 1 0
github.com/benoctopus/sesh/cmd/clone.go:103.2,105.86 3 0
github.com/benoctopus/sesh/cmd/clone.go:105.86,107.3 1 0
github.com/benoctopus/sesh/cmd/clone.go:110.2,116.62 2 0
github.com/benoctopus/sesh/cmd/clone.go:116.62,118.3 1 0
github.com/benoctopus/sesh/cmd/clone.go:121.2,122.16 2 0
github.com/benoctopus/sesh/cmd/clone.go:122.16,124.3 1 0
github.com/benoctopus/sesh/cmd/clone.go:127.2,131.69 3 0
github.com/benoctopus/sesh/cmd/clone.go:131.69,133.3 1 0
github.com/benoctopus/sesh/cmd/clone.go:136.2,140.57 2 0
github.com/benoctopus/sesh/cmd/clone.go:140.57,142.3 1 0
github.com/benoctopus/sesh/cmd/clone.go:144.2,150.55 5 0
github.com/benoctopus/sesh/cmd/clone.go:150.55,152.3 1 0
github.com/benoctopus/sesh/cmd/clone.go:154.2,154.12 1 0
github.com/benoctopus/sesh/cmd/delete.go:46.13,51.2 4 1
github.com/benoctopus/sesh/cmd/delete.go:53.57,56.16 2 0
github.com/benoctopus/sesh/cmd/delete.go:56.16,58.3 1 0
github.com/benoctopus/sesh/cmd/delete.go:61.2,62.16 2 0
github.com/benoctopus/sesh/cmd/delete.go:62.16,64.3 1 0
github.com/benoctopus/sesh/cmd/delete.go:66.2,67.16 2 0
github.com/benoctopus/sesh/cmd/delete.go:67.16,69.3 1 0
github.com/benoctopus/sesh/cmd/delete.go:70.2,74.16 3 0
github.com/benoctopus/sesh/cmd/delete.go:74.16,76.3 1 0
github.com/benoctopus/sesh/cmd/delete.go:79.2,80.16 2 0
github.com/benoctopus/sesh/cmd/delete.go:80.16,82.3 1 0
github.com/benoctopus/sesh/cmd/delete.go:84.2,84.15 1 0
github.com/benoctopus/sesh/cmd/delete.go:84.15,86.3 1 0
github.com/benoctopus/sesh/cmd/delete.go:89.2,89.20 1 0
github.com/benoctopus/sesh/cmd/delete.go:89.20,91.3 1 0
github.com/benoctopus/sesh/cmd/delete.go:93.2,94.50 2 0
github.com/benoctopus/sesh/cmd/delete.go:97.86,100.16 2 0
github.com/benoctopus/sesh/cmd/delete.go:100.16,102.3 1 0
github.com/benoctopus/sesh/cmd/delete.go:104.2,104.18 1 0
github.com/benoctopus/sesh/cmd/delete.go:104.18,112.17 6 0
github.com/benoctopus/sesh/cmd/delete.go:112.17,114.4 1 0
github.com/benoctopus/sesh/cmd/delete.go:116.3,117.43 2 0
github.com/benoctopus/sesh/cmd/delete.go:117.43,120.4 2 0
github.com/benoctopus/sesh/cmd/delete.go:124.2,125.16 2 0
github.com/benoctopus/sesh/cmd/delete.go:125.16,127.3 1 0
github.com/benoctopus/sesh/cmd/delete.go:130.2,130.31 1 0
github.com/benoctopus/sesh/cmd/delete.go:130.31,132.41 2 0
github.com/benoctopus/sesh/cmd/delete.go:132.41,134.12 2 0
github.com/benoctopus/sesh/cmd/delete.go:137.3,137.18 1 0
github.com/benoctopus/sesh/cmd/delete.go:137.18,140.18 2 0
github.com/benoctopus/sesh/cmd/delete.go:140.18,142.5 1 0
github.com/benoctopus/sesh/cmd/delete.go:142.10,142.21 1 0
github.com/benoctopus/sesh/cmd/delete.go:142.21,144.67 2 0
github.com/benoctopus/sesh/cmd/delete.go:144.67,146.6 1 0
github.com/benoctopus/sesh/cmd/delete.go:151.3,152.69 2 0
github.com/benoctopus/sesh/cmd/delete.go:152.69,154.4 1 0
github.com/benoctopus/sesh/cmd/delete.go:158.2,160.50 3 0
github.com/benoctopus/sesh/cmd/delete.go:160.50,162.3 1 0
github.com/benoctopus/sesh/cmd/delete.go:165.2,165.60 1 0
github.com/benoctopus/sesh/cmd/delete.go:165.60,167.3 1 0
github.com/benoctopus/sesh/cmd/delete.go:169.2,170.12 2 0
github.com/benoctopus/sesh/cmd/delete.go:173.100,176.16 2 0
github.com/benoctopus/sesh/cmd/delete.go:176.16,177.27 1 0
github.com/benoctopus/sesh/cmd/delete.go:177.27,179.4 1 0
github.com/benoctopus/sesh/cmd/delete.go:180.3,180.50 1 0
github.com/benoctopus/sesh/cmd/delete.go:184.2,184.21 1 0
github.com/benoctopus/sesh/cmd/delete.go:184.21,186.3 1 0
github.com/benoctopus/sesh/cmd/delete.go:188.2,188.18 1 0
github.com/benoctopus/sesh/cmd/delete.go:188.18,196.17 6 0
github.com/benoctopus/sesh/cmd/delete.go:196.17,198.4 1 0
github.com/benoctopus/sesh/cmd/delete.go:200.3,201.43 2 0
github.com/benoctopus/sesh/cmd/delete.go:201.43,204.4 2 0
github.com/benoctopus/sesh/cmd/delete.go:208.2,209.16 2 0
github.com/benoctopus/sesh/cmd/delete.go:209.16,211.3 1 0
github.com/benoctopus/sesh/cmd/delete.go:214.2,215.40 2 0
github.com/benoctopus/sesh/cmd/delete.go:215.40,217.3 1 0
github.com/benoctopus/sesh/cmd/delete.go:219.2,219.17 1 0
github.com/benoctopus/sesh/cmd/delete.go:219.17,222.17 2 0
github.com/benoctopus/sesh/cmd/delete.go:222.17,224.4 1 0
github.com/benoctopus/sesh/cmd/delete.go:224.9,224.20 1 0
github.com/benoctopus/sesh/cmd/delete.go:224.20,226.66 2 0
github.com/benoctopus/sesh/cmd/delete.go:226.66,228.5 1 0
github.com/benoctopus/sesh/cmd/delete.go:232.3,232.61 1 0
github.com/benoctopus/sesh/cmd/delete.go:232.61,234.4 1 0
github.com/benoctopus/sesh/cmd/delete.go:238.2,239.74 2 0
github.com/benoctopus/sesh/cmd/delete.go:239.74,241.3 1 0
github.com/benoctopus/sesh/cmd/delete.go:244.2,244.65 1 0
github.com/benoctopus/sesh/cmd/delete.go:244.65,246.3 1 0
github.com/benoctopus/sesh/cmd/delete.go:248.2,249.12 2 0
github.com/benoctopus/sesh/cmd/fetch.go:37.13,41.2 3 1
github.com/benoctopus/sesh/cmd/fetch.go:43.56,46.16 2 0
github.com/benoctopus/sesh/cmd/fetch.go:46.16,48.3 1 0
github.com/benoctopus/sesh/cmd/fetch.go:50.2,51.16 2 0
github.com/benoctopus/sesh/cmd/fetch.go:51.16,53.3 1 0
github.com/benoctopus/sesh/cmd/fetch.go:54.2,56.14 2 0
github.com/benoctopus/sesh/cmd/fetch.go:56.14,58.3 1 0
github.com/benoctopus/sesh/cmd/fetch.go:61.2,62.16 2 0
github.com/benoctopus/sesh/cmd/fetch.go:62.16,64.3 1 0
github.com/benoctopus/sesh/cmd/fetch.go:67.2,68.16 2 0
github.com/benoctopus/sesh/cmd/fetch.go:68.16,70.3 1 0
github.com/benoctopus/sesh/cmd/fetch.go:72.2,72.37 1 0
github.com/benoctopus/sesh/cmd/fetch.go:75.65,79.50 2 0
github.com/benoctopus/sesh/cmd/fetch.go:79.50,81.3 1 0
github.com/benoctopus/sesh/cmd/fetch.go:84.2,84.69 1 0
github.com/benoctopus/sesh/cmd/fetch.go:84.69,86.3 1 0
github.com/benoctopus/sesh/cmd/fetch.go:88.2,89.12 2 0
github.com/benoctopus/sesh/cmd/fetch.go:92.47,94.16 2 0
github.com/benoctopus/sesh/cmd/fetch.go:94.16,96.3 1 0
github.com/benoctopus/sesh/cmd/fetch.go:98.2,98.24 1 0
github.com/benoctopus/sesh/cmd/fetch.go:98.24,101.3 2 0
github.com/benoctopus/sesh/cmd/fetch.go:103.2,108.32 4 0
github.com/benoctopus/sesh/cmd/fetch.go:108.32,111.51 2 0
github.com/benoctopus/sesh/cmd/fetch.go:111.51,114.12 3 0
github.com/benoctopus/sesh/cmd/fetch.go:117.3,117.70 1 0
github.com/benoctopus/sesh/cmd/fetch.go:117.70,119.4 1 0
github.com/benoctopus/sesh/cmd/fetch.go:119.9,121.4 1 0
github.com/benoctopus/sesh/cmd/fetch.go:123.3,123.17 1 0
github.com/benoctopus/sesh/cmd/fetch.go:126.2,127.19 2 0
github.com/benoctopus/sesh/cmd/fetch.go:127.19,129.3 1 0
github.com/benoctopus/sesh/cmd/fetch.go:130.2,132.12 2 0
github.com/benoctopus/sesh/cmd/list.go:37.13,42.2 4 1
github.com/benoctopus/sesh/cmd/list.go:44.55,47.16 2 0
github.com/benoctopus/sesh/cmd/list.go:47.16,49.3 1 0
github.com/benoctopus/sesh/cmd/list.go:51.2,52.16 2 0
github.com/benoctopus/sesh/cmd/list.go:52.16,54.3 1 0
github.com/benoctopus/sesh/cmd/list.go:55.2,57.18 2 0
github.com/benoctopus/sesh/cmd/list.go:57.18,59.3 1 0
github.com/benoctopus/sesh/cmd/list.go:62.2,62.34 1 0
github.com/benoctopus/sesh/cmd/list.go:65.46,67.16 2 0
github.com/benoctopus/sesh/cmd/list.go:67.16,69.3 1 0
github.com/benoctopus/sesh/cmd/list.go:71.2,71.24 1 0
github.com/benoctopus/sesh/cmd/list.go:71.24,75.3 3 0
github.com/benoctopus/sesh/cmd/list.go:77.2,77.14 1 0
github.com/benoctopus/sesh/cmd/list.go:77.14,79.17 2 0
github.com/benoctopus/sesh/cmd/list.go:79.17,81.4 1 0
github.com/benoctopus/sesh/cmd/list.go:82.3,83.13 2 0
github.com/benoctopus/sesh/cmd/list.go:87.2,90.32 3 0
github.com/benoctopus/sesh/cmd/list.go:90.32,93.17 2 0
github.com/benoctopus/sesh/cmd/list.go:93.17,95.4 1 0
github.com/benoctopus/sesh/cmd/list.go:97.3,98.30 2 0
github.com/benoctopus/sesh/cmd/list.go:98.30,100.4 1 0
github.com/benoctopus/sesh/cmd/list.go:102.3,106.4 1 0
github.com/benoctopus/sesh/cmd/list.go:109.2,109.12 1 0
github.com/benoctopus/sesh/cmd/list.go:112.46,126.16 3 0
github.com/benoctopus/sesh/cmd/list.go:126.16,128.3 1 0
github.com/benoctopus/sesh/cmd/list.go:129.2,144.18 4 0
github.com/benoctopus/sesh/cmd/list.go:144.18,158.17 3 0
github.com/benoctopus/sesh/cmd/list.go:158.17,160.4 1 0
github.com/benoctopus/sesh/cmd/list.go:162.3,163.24 2 0
github.com/benoctopus/sesh/cmd/list.go:163.24,165.4 1 0
github.com/benoctopus/sesh/cmd/list.go:167.3,176.5 1 0
github.com/benoctopus/sesh/cmd/list.go:179.2,179.35 1 0
github.com/benoctopus/sesh/cmd/list.go:179.35,181.3 1 0
github.com/benoctopus/sesh/cmd/list.go:183.2,183.24 1 0
github.com/benoctopus/sesh/cmd/list.go:183.24,188.3 4 0
github.com/benoctopus/sesh/cmd/list.go:190.2,190.14 1 0
github.com/benoctopus/sesh/cmd/list.go:190.14,192.17 2 0
github.com/benoctopus/sesh/cmd/list.go:192.17,194.4 1 0
github.com/benoctopus/sesh/cmd/list.go:195.3,196.13 2 0
github.com/benoctopus/sesh/cmd/list.go:200.2,203.32 3 0
github.com/benoctopus/sesh/cmd/list.go:203.32,210.3 1 0
github.com/benoctopus/sesh/cmd/list.go:212.2,212.12 1 0
github.com/benoctopus/sesh/cmd/list.go:216.40,219.28 2 1
github.com/benoctopus/sesh/cmd/list.go:219.28,221.3 1 1
github.com/benoctopus/sesh/cmd/list.go:221.8,221.33 1 1
github.com/benoctopus/sesh/cmd/list.go:221.33,223.19 2 1
github.com/benoctopus/sesh/cmd/list.go:223.19,225.4 1 1
github.com/benoctopus/sesh/cmd/list.go:226.3,226.45 1 1
github.com/benoctopus/sesh/cmd/list.go:227.8,227.36 1 1
github.com/benoctopus/sesh/cmd/list.go:227.36,229.17 2 1
github.com/benoctopus/sesh/cmd/list.go:229.17,231.4 1 1
github.com/benoctopus/sesh/cmd/list.go:232.3,232.44 1 1
github.com/benoctopus/sesh/cmd/list.go:233.8,233.38 1 1
github.com/benoctopus/sesh/cmd/list.go:233.38,235.16 2 1
github.com/benoctopus/sesh/cmd/list.go:235.16,237.4 1 1
github.com/benoctopus/sesh/cmd/list.go:238.3,238.42 1 1
github.com/benoctopus/sesh/cmd/list.go:239.8,239.39 1 1
github.com/benoctopus/sesh/cmd/list.go:239.39,241.17 2 1
github.com/benoctopus/sesh/cmd/list.go:241.17,243.4 1 1
github.com/benoctopus/sesh/cmd/list.go:244.3,244.44 1 1
github.com/benoctopus/sesh/cmd/list.go:245.8,245.40 1 1
github.com/benoctopus/sesh/cmd/list.go:245.40,247.18 2 1
github.com/benoctopus/sesh/cmd/list.go:247.18,249.4 1 1
github.com/benoctopus/sesh/cmd/list.go:250.3,250.46 1 1
github.com/benoctopus/sesh/cmd/list.go:253.2,254.16 2 1
github.com/benoctopus/sesh/cmd/list.go:254.16,256.3 1 1
github.com/benoctopus/sesh/cmd/list.go:257.2,257.43 1 1
github.com/benoctopus/sesh/cmd/list.go:261.44,262.22 1 1
github.com/benoctopus/sesh/cmd/list.go:262.22,264.3 1 1
github.com/benoctopus/sesh/cmd/list.go:265.2,265.29 1 1
github.com/benoctopus/sesh/cmd/root.go:28.16,29.42 1 0
github.com/benoctopus/sesh/cmd/root.go:29.42,32.3 2 0
github.com/benoctopus/sesh/cmd/root.go:35.14,37.2 0 1
github.com/benoctopus/sesh/cmd/status.go:35.13,37.2 1 1
github.com/benoctopus/sesh/cmd/status.go:39.57,42.16 2 0
github.com/benoctopus/sesh/cmd/status.go:42.16,44.3 1 0
github.com/benoctopus/sesh/cmd/status.go:47.2,48.16 2 0
github.com/benoctopus/sesh/cmd/status.go:48.16,50.3 1 0
github.com/benoctopus/sesh/cmd/status.go:52.2,53.16 2 0
github.com/benoctopus/sesh/cmd/status.go:53.16,55.3 1 0
github.com/benoctopus/sesh/cmd/status.go:56.2,60.16 3 0
github.com/benoctopus/sesh/cmd/status.go:60.16,62.3 1 0
github.com/benoctopus/sesh/cmd/status.go:65.2,66.29 2 0
github.com/benoctopus/sesh/cmd/status.go:66.29,70.17 3 0
github.com/benoctopus/sesh/cmd/status.go:70.17,72.4 1 0
github.com/benoctopus/sesh/cmd/status.go:76.2,77.16 2 0
github.com/benoctopus/sesh/cmd/status.go:77.16,79.3 1 0
github.com/benoctopus/sesh/cmd/status.go:82.2,83.16 2 0
github.com/benoctopus/sesh/cmd/status.go:83.16,85.31 1 0
github.com/benoctopus/sesh/cmd/status.go:85.31,89.4 3 0
github.com/benoctopus/sesh/cmd/status.go:90.3,93.13 4 0
github.com/benoctopus/sesh/cmd/status.go:97.2,102.16 4 0
github.com/benoctopus/sesh/cmd/status.go:102.16,104.17 2 0
github.com/benoctopus/sesh/cmd/status.go:104.17,106.4 1 0
github.com/benoctopus/sesh/cmd/status.go:109.3,110.17 2 0
github.com/benoctopus/sesh/cmd/status.go:110.17,116.33 4 0
github.com/benoctopus/sesh/cmd/status.go:116.33,121.19 3 0
github.com/benoctopus/sesh/cmd/status.go:121.19,122.16 1 0
github.com/benoctopus/sesh/cmd/status.go:122.16,124.7 1 0
github.com/benoctopus/sesh/cmd/status.go:124.12,126.7 1 0
github.com/benoctopus/sesh/cmd/status.go:129.5,129.79 1 0
github.com/benoctopus/sesh/cmd/status.go:129.79,131.6 1 0
github.com/benoctopus/sesh/cmd/status.go:136.3,138.17 3 0
github.com/benoctopus/sesh/cmd/status.go:138.17,140.4 1 0
github.com/benoctopus/sesh/cmd/status.go:144.2,145.16 2 0
github.com/benoctopus/sesh/cmd/status.go:145.16,147.3 1 0
github.com/benoctopus/sesh/cmd/status.go:149.2,149.24 1 0
github.com/benoctopus/sesh/cmd/status.go:149.24,151.32 2 0
github.com/benoctopus/sesh/cmd/status.go:151.32,153.21 1 0
github.com/benoctopus/sesh/cmd/status.go:153.21,155.49 2 0
github.com/benoctopus/sesh/cmd/status.go:155.49,156.14 1 0
github.com/benoctopus/sesh/cmd/status.go:160.4,161.33 2 0
github.com/benoctopus/sesh/cmd/status.go:161.33,162.13 1 0
github.com/benoctopus/sesh/cmd/status.go:166.4,168.18 3 0
github.com/benoctopus/sesh/cmd/status.go:168.18,169.15 1 0
github.com/benoctopus/sesh/cmd/status.go:169.15,171.6 1 0
github.com/benoctopus/sesh/cmd/status.go:171.11,173.6 1 0
github.com/benoctopus/sesh/cmd/status.go:176.4,180.5 1 0
github.com/benoctopus/sesh/cmd/status.go:184.2,184.12 1 0
github.com/benoctopus/sesh/cmd/status.go:188.59,191.16 3 0
github.com/benoctopus/sesh/cmd/status.go:191.16,193.3 1 0
github.com/benoctopus/sesh/cmd/status.go:195.2,195.22 1 0
github.com/benoctopus/sesh/cmd/status.go:195.22,197.3 1 0
github.com/benoctopus/sesh/cmd/status.go:200.2,205.29 5 0
github.com/benoctopus/sesh/cmd/status.go:205.29,206.20 1 0
github.com/benoctopus/sesh/cmd/status.go:206.20,207.12 1 0
github.com/benoctopus/sesh/cmd/status.go:210.3,211.10 2 0
github.com/benoctopus/sesh/cmd/status.go:212.23,213.15 1 0
github.com/benoctopus/sesh/cmd/status.go:214.45,215.12 1 0
github.com/benoctopus/sesh/cmd/status.go:216.45,217.14 1 0
github.com/benoctopus/sesh/cmd/status.go:221.2,222.16 2 0
github.com/benoctopus/sesh/cmd/status.go:222.16,224.3 1 0
github.com/benoctopus/sesh/cmd/status.go:225.2,225.18 1 0
github.com/benoctopus/sesh/cmd/status.go:225.18,227.3 1 0
github.com/benoctopus/sesh/cmd/status.go:228.2,228.19 1 0
github.com/benoctopus/sesh/cmd/status.go:228.19,230.3 1 0
github.com/benoctopus/sesh/cmd/status.go:232.2,232.21 1 0
github.com/benoctopus/sesh/cmd/status.go:232.21,234.3 1 0
github.com/benoctopus/sesh/cmd/status.go:236.2,236.39 1 0
github.com/benoctopus/sesh/cmd/switch.go:42.13,46.2 3 1
github.com/benoctopus/sesh/cmd/switch.go:48.57,51.16 2 0
github.com/benoctopus/sesh/cmd/switch.go:51.16,53.3 1 0
github.com/benoctopus/sesh/cmd/switch.go:56.2,57.16 2 0
github.com/benoctopus/sesh/cmd/switch.go:57.16,59.3 1 0
github.com/benoctopus/sesh/cmd/switch.go:61.2,62.16 2 0
github.com/benoctopus/sesh/cmd/switch.go:62.16,64.3 1 0
github.com/benoctopus/sesh/cmd/switch.go:65.2,69.16 3 0
github.com/benoctopus/sesh/cmd/switch.go:69.16,71.3 1 0
github.com/benoctopus/sesh/cmd/switch.go:74.2,75.16 2 0
github.com/benoctopus/sesh/cmd/switch.go:75.16,77.3 1 0
github.com/benoctopus/sesh/cmd/switch.go:79.2,80.19 2 0
github.com/benoctopus/sesh/cmd/switch.go:80.19,82.3 1 0
github.com/benoctopus/sesh/cmd/switch.go:82.8,85.51 2 0
github.com/benoctopus/sesh/cmd/switch.go:85.51,87.4 1 0
github.com/benoctopus/sesh/cmd/switch.go:90.3,91.17 2 0
github.com/benoctopus/sesh/cmd/switch.go:91.17,93.4 1 0
github.com/benoctopus/sesh/cmd/switch.go:95.3,95.25 1 0
github.com/benoctopus/sesh/cmd/switch.go:95.25,97.4 1 0
github.com/benoctopus/sesh/cmd/switch.go:100.3,101.17 2 0
github.com/benoctopus/sesh/cmd/switch.go:101.17,103.4 1 0
github.com/benoctopus/sesh/cmd/switch.go:105.3,105.26 1 0
github.com/benoctopus/sesh/cmd/switch.go:109.2,110.40 2 0
github.com/benoctopus/sesh/cmd/switch.go:110.40,112.3 1 0
github.com/benoctopus/sesh/cmd/switch.go:114.2,114.29 1 0
github.com/benoctopus/sesh/cmd/switch.go:114.29,120.41 3 0
github.com/benoctopus/sesh/cmd/switch.go:120.41,122.4 1 0
github.com/benoctopus/sesh/cmd/switch.go:125.3,126.17 2 0
github.com/benoctopus/sesh/cmd/switch.go:126.17,128.4 1 0
github.com/benoctopus/sesh/cmd/switch.go:130.3,130.18 1 0
github.com/benoctopus/sesh/cmd/switch.go:130.18,133.18 2 0
github.com/benoctopus/sesh/cmd/switch.go:133.18,135.5 1 0
github.com/benoctopus/sesh/cmd/switch.go:137.4,137.14 1 0
github.com/benoctopus/sesh/cmd/switch.go:137.14,139.84 1 0
github.com/benoctopus/sesh/cmd/switch.go:139.84,141.6 1 0
github.com/benoctopus/sesh/cmd/switch.go:142.5,142.75 1 0
github.com/benoctopus/sesh/cmd/switch.go:142.75,144.6 1 0
github.com/benoctopus/sesh/cmd/switch.go:147.5,147.51 1 0
github.com/benoctopus/sesh/cmd/switch.go:151.4,152.89 2 0
github.com/benoctopus/sesh/cmd/switch.go:152.89,154.5 1 0
github.com/benoctopus/sesh/cmd/switch.go:156.4,156.50 1 0
github.com/benoctopus/sesh/cmd/switch.go:160.3,162.79 3 0
github.com/benoctopus/sesh/cmd/switch.go:162.79,164.4 1 0
github.com/benoctopus/sesh/cmd/switch.go:167.3,171.64 2 0
github.com/benoctopus/sesh/cmd/switch.go:171.64,173.4 1 0
github.com/benoctopus/sesh/cmd/switch.go:175.3,175.40 1 0
github.com/benoctopus/sesh/cmd/switch.go:179.2,179.24 1 0
github.com/benoctopus/sesh/cmd/switch.go:179.24,182.17 2 0
github.com/benoctopus/sesh/cmd/switch.go:182.17,184.4 1 0
github.com/benoctopus/sesh/cmd/switch.go:185.3,185.13 1 0
github.com/benoctopus/sesh/cmd/switch.go:185.13,187.4 1 0
github.com/benoctopus/sesh/cmd/switch.go:189.3,189.63 1 0
github.com/benoctopus/sesh/cmd/switch.go:190.8,193.17 2 0
github.com/benoctopus/sesh/cmd/switch.go:193.17,195.4 1 0
github.com/benoctopus/sesh/cmd/switch.go:196.3,196.14 1 0
github.com/benoctopus/sesh/cmd/switch.go:196.14,198.4 1 0
github.com/benoctopus/sesh/cmd/switch.go:200.3,200.59 1 0
github.com/benoctopus/sesh/cmd/switch.go:204.2,208.24 3 0
github.com/benoctopus/sesh/cmd/switch.go:208.24,210.89 1 0
github.com/benoctopus/sesh/cmd/switch.go:210.89,212.4 1 0
github.com/benoctopus/sesh/cmd/switch.go:213.8,215.82 1 0
github.com/benoctopus/sesh/cmd/switch.go:215.82,217.4 1 0
github.com/benoctopus/sesh/cmd/switch.go:221.2,227.65 2 0
github.com/benoctopus/sesh/cmd/switch.go:227.65,229.3 1 0
github.com/benoctopus/sesh/cmd/switch.go:232.2,233.16 2 0
github.com/benoctopus/sesh/cmd/switch.go:233.16,235.3 1 0
github.com/benoctopus/sesh/cmd/switch.go:238.2,240.69 3 0
github.com/benoctopus/sesh/cmd/switch.go:240.69,242.3 1 0
github.com/benoctopus/sesh/cmd/switch.go:245.2,249.63 2 0
github.com/benoctopus/sesh/cmd/switch.go:249.63,251.3 1 0
github.com/benoctopus/sesh/cmd/switch.go:253.2,259.39 5 0
github.com/benoctopus/sesh/internal/db/db.go:14.45,16.16 2 0
github.com/benoctopus/sesh/internal/db/db.go:16.16,18.3 1 0
github.com/benoctopus/sesh/internal/db/db.go:21.2,21.63 1 0
github.com/benoctopus/sesh/internal/db/db.go:21.63,24.3 2 0
github.com/benoctopus/sesh/internal/db/db.go:27.2,27.34 1 0
github.com/benoctopus/sesh/internal/db/db.go:27.34,30.3 2 0
github.com/benoctopus/sesh/internal/db/db.go:32.2,32.16 1 0
github.com/benoctopus/sesh/internal/db/db.go:38.63,43.16 2 0
github.com/benoctopus/sesh/internal/db/db.go:43.16,45.3 1 0
github.com/benoctopus/sesh/internal/db/db.go:47.2,48.16 2 0
github.com/benoctopus/sesh/internal/db/db.go:48.16,50.3 1 0
github.com/benoctopus/sesh/internal/db/db.go:52.2,53.12 2 0
github.com/benoctopus/sesh/internal/db/db.go:57.67,66.26 4 0
github.com/benoctopus/sesh/internal/db/db.go:66.26,68.3 1 0
github.com/benoctopus/sesh/internal/db/db.go:69.2,69.16 1 0
github.com/benoctopus/sesh/internal/db/db.go:69.16,71.3 1 0
github.com/benoctopus/sesh/internal/db/db.go:73.2,73.23 1 0
github.com/benoctopus/sesh/internal/db/db.go:73.23,75.3 1 0
github.com/benoctopus/sesh/internal/db/db.go:77.2,77.21 1 0
github.com/benoctopus/sesh/internal/db/db.go:81.66,90.26 4 0
github.com/benoctopus/sesh/internal/db/db.go:90.26,92.3 1 0
github.com/benoctopus/sesh/internal/db/db.go:93.2,93.16 1 0
github.com/benoctopus/sesh/internal/db/db.go:93.16,95.3 1 0
github.com/benoctopus/sesh/internal/db/db.go:97.2,97.23 1 0
github.com/benoctopus/sesh/internal/db/db.go:97.23,99.3 1 0
github.com/benoctopus/sesh/internal/db/db.go:101.2,101.21 1 0
github.com/benoctopus/sesh/internal/db/db.go:105.80,114.26 4 0
github.com/benoctopus/sesh/internal/db/db.go:114.26,116.3 1 0
github.com/benoctopus/sesh/internal/db/db.go:117.2,117.16 1 0
github.com/benoctopus/sesh/internal/db/db.go:117.16,119.3 1 0
github.com/benoctopus/sesh/internal/db/db.go:121.2,121.23 1 0
github.com/benoctopus/sesh/internal/db/db.go:121.23,123.3 1 0
github.com/benoctopus/sesh/internal/db/db.go:125.2,125.21 1 0
github.com/benoctopus/sesh/internal/db/db.go:129.60,133.16 2 0
github.com/benoctopus/sesh/internal/db/db.go:133.16,135.3 1 0
github.com/benoctopus/sesh/internal/db/db.go:136.2,139.18 3 0
github.com/benoctopus/sesh/internal/db/db.go:139.18,144.17 4 0
github.com/benoctopus/sesh/internal/db/db.go:144.17,146.4 1 0
github.com/benoctopus/sesh/internal/db/db.go:148.3,148.24 1 0
github.com/benoctopus/sesh/internal/db/db.go:148.24,150.4 1 0
github.com/benoctopus/sesh/internal/db/db.go:152.3,152.39 1 0
github.com/benoctopus/sesh/internal/db/db.go:155.2,155.35 1 0
github.com/benoctopus/sesh/internal/db/db.go:155.35,157.3 1 0
github.com/benoctopus/sesh/internal/db/db.go:159.2,159.22 1 0
github.com/benoctopus/sesh/internal/db/db.go:163.55,168.16 2 0
github.com/benoctopus/sesh/internal/db/db.go:168.16,170.3 1 0
github.com/benoctopus/sesh/internal/db/db.go:171.2,171.12 1 0
github.com/benoctopus/sesh/internal/db/db.go:175.46,178.16 2 0
github.com/benoctopus/sesh/internal/db/db.go:178.16,180.3 1 0
github.com/benoctopus/sesh/internal/db/db.go:182.2,183.16 2 0
github.com/benoctopus/sesh/internal/db/db.go:183.16,185.3 1 0
github.com/benoctopus/sesh/internal/db/db.go:187.2,187.15 1 0
github.com/benoctopus/sesh/internal/db/db.go:187.15,189.3 1 0
github.com/benoctopus/sesh/internal/db/db.go:191.2,191.12 1 0
github.com/benoctopus/sesh/internal/db/db.go:197.66,203.16 3 0
github.com/benoctopus/sesh/internal/db/db.go:203.16,205.3 1 0
github.com/benoctopus/sesh/internal/db/db.go:207.2,208.16 2 0
github.com/benoctopus/sesh/internal/db/db.go:208.16,210.3 1 0
github.com/benoctopus/sesh/internal/db/db.go:212.2,215.12 4 0
github.com/benoctopus/sesh/internal/db/db.go:219.86,226.26 3 0
github.com/benoctopus/sesh/internal/db/db.go:226.26,228.3 1 0
github.com/benoctopus/sesh/internal/db/db.go:229.2,229.16 1 0
github.com/benoctopus/sesh/internal/db/db.go:229.16,231.3 1 0
github.com/benoctopus/sesh/internal/db/db.go:233.2,233.22 1 0
github.com/benoctopus/sesh/internal/db/db.go:237.68,244.26 3 0
github.com/benoctopus/sesh/internal/db/db.go:244.26,246.3 1 0
github.com/benoctopus/sesh/internal/db/db.go:247.2,247.16 1 0
github.com/benoctopus/sesh/internal/db/db.go:247.16,249.3 1 0
github.com/benoctopus/sesh/internal/db/db.go:251.2,251.22 1 0
github.com/benoctopus/sesh/internal/db/db.go:255.75,262.26 3 0
github.com/benoctopus/sesh/internal/db/db.go:262.26,264.3 1 0
github.com/benoctopus/sesh/internal/db/db.go:265.2,265.16 1 0
github.com/benoctopus/sesh/internal/db/db.go:265.16,267.3 1 0
github.com/benoctopus/sesh/internal/db/db.go:269.2,269.22 1 0
github.com/benoctopus/sesh/internal/db/db.go:273.83,278.16 2 0
github.com/benoctopus/sesh/internal/db/db.go:278.16,280.3 1 0
github.com/benoctopus/sesh/internal/db/db.go:281.2,284.18 3 0
github.com/benoctopus/sesh/internal/db/db.go:284.18,287.17 3 0
github.com/benoctopus/sesh/internal/db/db.go:287.17,289.4 1 0
github.com/benoctopus/sesh/internal/db/db.go:290.3,290.42 1 0
github.com/benoctopus/sesh/internal/db/db.go:293.2,293.35 1 0
github.com/benoctopus/sesh/internal/db/db.go:293.35,295.3 1 0
github.com/benoctopus/sesh/internal/db/db.go:297.2,297.23 1 0
github.com/benoctopus/sesh/internal/db/db.go:301.55,306.16 2 0
github.com/benoctopus/sesh/internal/db/db.go:306.16,308.3 1 0
github.com/benoctopus/sesh/internal/db/db.go:309.2,309.12 1 0
github.com/benoctopus/sesh/internal/db/db.go:313.47,316.16 2 0
github.com/benoctopus/sesh/internal/db/db.go:316.16,318.3 1 0
github.com/benoctopus/sesh/internal/db/db.go:320.2,321.16 2 0
github.com/benoctopus/sesh/internal/db/db.go:321.16,323.3 1 0
github.com/benoctopus/sesh/internal/db/db.go:325.2,325.15 1 0
github.com/benoctopus/sesh/internal/db/db.go:325.15,327.3 1 0
github.com/benoctopus/sesh/internal/db/db.go:329.2,329.12 1 0
github.com/benoctopus/sesh/internal/db/db.go:335.63,341.16 3 0
github.com/benoctopus/sesh/internal/db/db.go:341.16,343.3 1 0
github.com/benoctopus/sesh/internal/db/db.go:345.2,346.16 2 0
github.com/benoctopus/sesh/internal/db/db.go:346.16,348.3 1 0
github.com/benoctopus/sesh/internal/db/db.go:350.2,353.12 4 0
github.com/benoctopus/sesh/internal/db/db.go:357.80,364.26 3 0
github.com/benoctopus/sesh/internal/db/db.go:364.26,366.3 1 0
github.com/benoctopus/sesh/internal/db/db.go:367.2,367.16 1 0
github.com/benoctopus/sesh/internal/db/db.go:367.16,369.3 1 0
github.com/benoctopus/sesh/internal/db/db.go:371.2,371.21 1 0
github.com/benoctopus/sesh/internal/db/db.go:375.81,382.26 3 0
github.com/benoctopus/sesh/internal/db/db.go:382.26,384.3 1 0
github.com/benoctopus/sesh/internal/db/db.go:385.2,385.16 1 0
github.com/benoctopus/sesh/internal/db/db.go:385.16,387.3 1 0
github.com/benoctopus/sesh/internal/db/db.go:389.2,389.21 1 0
github.com/benoctopus/sesh/internal/db/db.go:393.60,397.16 2 0
github.com/benoctopus/sesh/internal/db/db.go:397.16,399.3 1 0
github.com/benoctopus/sesh/internal/db/db.go:400.2,403.18 3 0
github.com/benoctopus/sesh/internal/db/db.go:403.18,406.17 3 0
github.com/benoctopus/sesh/internal/db/db.go:406.17,408.4 1 0
github.com/benoctopus/sesh/internal/db/db.go:409.3,409.39 1 0
github.com/benoctopus/sesh/internal/db/db.go:412.2,412.35 1 0
github.com/benoctopus/sesh/internal/db/db.go:412.35,414.3 1 0
github.com/benoctopus/sesh/internal/db/db.go:416.2,416.22 1 0
github.com/benoctopus/sesh/internal/db/db.go:420.73,433.16 3 0
github.com/benoctopus/sesh/internal/db/db.go:433.16,435.3 1 0
github.com/benoctopus/sesh/internal/db/db.go:436.2,439.18 3 0
github.com/benoctopus/sesh/internal/db/db.go:439.18,450.17 6 0
github.com/benoctopus/sesh/internal/db/db.go:450.17,452.4 1 0
github.com/benoctopus/sesh/internal/db/db.go:454.3,454.24 1 0
github.com/benoctopus/sesh/internal/db/db.go:454.24,456.4 1 0
github.com/benoctopus/sesh/internal/db/db.go:458.3,462.5 1 0
github.com/benoctopus/sesh/internal/db/db.go:465.2,465.35 1 0
github.com/benoctopus/sesh/internal/db/db.go:465.35,467.3 1 0
github.com/benoctopus/sesh/internal/db/db.go:469.2,469.21 1 0
github.com/benoctopus/sesh/internal/db/db.go:473.58,478.16 2 0
github.com/benoctopus/sesh/internal/db/db.go:478.16,480.3 1 0
github.com/benoctopus/sesh/internal/db/db.go:481.2,481.12 1 0
github.com/benoctopus/sesh/internal/db/db.go:485.46,487.16 2 0
github.com/benoctopus/sesh/internal/db/db.go:487.16,489.3 1 0
github.com/benoctopus/sesh/internal/db/db.go:491.2,492.16 2 0
github.com/benoctopus/sesh/internal/db/db.go:492.16,494.3 1 0
github.com/benoctopus/sesh/internal/db/db.go:496.2,496.15 1 0
github.com/benoctopus/sesh/internal/db/db.go:496.15,498.3 1 0
github.com/benoctopus/sesh/internal/db/db.go:500.2,500.12 1 0
github.com/benoctopus/sesh/internal/db/migrations.go:16.38,25.16 2 0
github.com/benoctopus/sesh/internal/db/migrations.go:25.16,27.3 1 0
github.com/benoctopus/sesh/internal/db/migrations.go:30.2,38.31 2 0
github.com/benoctopus/sesh/internal/db/migrations.go:38.31,40.17 2 0
github.com/benoctopus/sesh/internal/db/migrations.go:40.17,42.4 1 0
github.com/benoctopus/sesh/internal/db/migrations.go:44.3,44.14 1 0
github.com/benoctopus/sesh/internal/db/migrations.go:44.14,45.12 1 0
github.com/benoctopus/sesh/internal/db/migrations.go:49.3,50.17 2 0
github.com/benoctopus/sesh/internal/db/migrations.go:50.17,52.4 1 0
github.com/benoctopus/sesh/internal/db/migrations.go:55.3,55.43 1 0
github.com/benoctopus/sesh/internal/db/migrations.go:55.43,58.4 2 0
github.com/benoctopus/sesh/internal/db/migrations.go:61.3,61.101 1 0
github.com/benoctopus/sesh/internal/db/migrations.go:61.101,64.4 2 0
github.com/benoctopus/sesh/internal/db/migrations.go:66.3,66.37 1 0
github.com/benoctopus/sesh/internal/db/migrations.go:66.37,68.4 1 0
github.com/benoctopus/sesh/internal/db/migrations.go:71.2,71.12 1 0
github.com/benoctopus/sesh/internal/db/migrations.go:75.64,78.16 3 0
github.com/benoctopus/sesh/internal/db/migrations.go:78.16,80.3 1 0
github.com/benoctopus/sesh/internal/db/migrations.go:81.2,81.23 1 0
github.com/benoctopus/sesh/internal/fuzzy/fuzzy.go:25.54,26.24 1 0
github.com/benoctopus/sesh/internal/fuzzy/fuzzy.go:26.24,28.3 1 0
github.com/benoctopus/sesh/internal/fuzzy/fuzzy.go:30.2,31.16 2 0
github.com/benoctopus/sesh/internal/fuzzy/fuzzy.go:31.16,34.3 1 0
github.com/benoctopus/sesh/internal/fuzzy/fuzzy.go:36.2,36.49 1 0
github.com/benoctopus/sesh/internal/fuzzy/fuzzy.go:41.60,42.21 1 0
github.com/benoctopus/sesh/internal/fuzzy/fuzzy.go:42.21,44.3 1 0
github.com/benoctopus/sesh/internal/fuzzy/fuzzy.go:46.2,47.16 2 0
github.com/benoctopus/sesh/internal/fuzzy/fuzzy.go:47.16,50.3 1 0
github.com/benoctopus/sesh/internal/fuzzy/fuzzy.go:52.2,52.46 1 0
github.com/benoctopus/sesh/internal/fuzzy/fuzzy.go:57.42,59.48 1 0
github.com/benoctopus/sesh/internal/fuzzy/fuzzy.go:59.48,61.3 1 0
github.com/benoctopus/sesh/internal/fuzzy/fuzzy.go:64.2,64.49 1 0
github.com/benoctopus/sesh/internal/fuzzy/fuzzy.go:64.49,66.3 1 0
github.com/benoctopus/sesh/internal/fuzzy/fuzzy.go:68.2,68.76 1 0
github.com/benoctopus/sesh/internal/fuzzy/fuzzy.go:72.68,75.24 2 0
github.com/benoctopus/sesh/internal/fuzzy/fuzzy.go:76.17,77.72 1 0
github.com/benoctopus/sesh/internal/fuzzy/fuzzy.go:78.18,79.29 1 0
github.com/benoctopus/sesh/internal/fuzzy/fuzzy.go:80.10,81.61 1 0
github.com/benoctopus/sesh/internal/fuzzy/fuzzy.go:85.2,86.16 2 0
github.com/benoctopus/sesh/internal/fuzzy/fuzzy.go:86.16,88.3 1 0
github.com/benoctopus/sesh/internal/fuzzy/fuzzy.go:91.2,98.36 4 0
github.com/benoctopus/sesh/internal/fuzzy/fuzzy.go:98.36,100.3 1 0
github.com/benoctopus/sesh/internal/fuzzy/fuzzy.go:103.2,103.12 1 0
github.com/benoctopus/sesh/internal/fuzzy/fuzzy.go:103.12,105.30 2 0
github.com/benoctopus/sesh/internal/fuzzy/fuzzy.go:105.30,107.4 1 0
github.com/benoctopus/sesh/internal/fuzzy/fuzzy.go:111.2,112.16 2 0
github.com/benoctopus/sesh/internal/fuzzy/fuzzy.go:112.16,114.76 1 0
github.com/benoctopus/sesh/internal/fuzzy/fuzzy.go:114.76,116.4 1 0
github.com/benoctopus/sesh/internal/fuzzy/fuzzy.go:117.3,117.51 1 0
github.com/benoctopus/sesh/internal/fuzzy/fuzzy.go:120.2,121.20 2 0
github.com/benoctopus/sesh/internal/fuzzy/fuzzy.go:121.20,123.3 1 0
github.com/benoctopus/sesh/internal/fuzzy/fuzzy.go:125.2,125.22 1 0
github.com/benoctopus/sesh/internal/fuzzy/fuzzy.go:130.55,133.29 2 0
github.com/benoctopus/sesh/internal/fuzzy/fuzzy.go:133.29,135.3 1 0
github.com/benoctopus/sesh/internal/fuzzy/fuzzy.go:138.2,142.16 4 0
github.com/benoctopus/sesh/internal/fuzzy/fuzzy.go:142.16,144.3 1 0
github.com/benoctopus/sesh/internal/fuzzy/fuzzy.go:147.2,149.16 3 0
github.com/benoctopus/sesh/internal/fuzzy/fuzzy.go:149.16,151.3 1 0
github.com/benoctopus/sesh/internal/fuzzy/fuzzy.go:153.2,153.45 1 0
github.com/benoctopus/sesh/internal/fuzzy/fuzzy.go:153.45,155.3 1 0
github.com/benoctopus/sesh/internal/fuzzy/fuzzy.go:157.2,157.32 1 0
github.com/benoctopus/sesh/internal/fuzzy/fuzzy.go:161.25,164.2 2 0
github.com/benoctopus/sesh/internal/fuzzy/fuzzy.go:167.34,169.16 2 0
github.com/benoctopus/sesh/internal/fuzzy/fuzzy.go:169.16,171.3 1 0
github.com/benoctopus/sesh/internal/fuzzy/fuzzy.go:172.2,172.23 1 0
github.com/benoctopus/sesh/internal/fuzzy/fuzzy.go:177.75,178.21 1 0
github.com/benoctopus/sesh/internal/fuzzy/fuzzy.go:178.21,180.3 1 0
github.com/benoctopus/sesh/internal/fuzzy/fuzzy.go:183.2,183.48 1 0
github.com/benoctopus/sesh/internal/fuzzy/fuzzy.go:183.48,186.3 1 0
github.com/benoctopus/sesh/internal/fuzzy/fuzzy.go:188.2,198.16 3 0
github.com/benoctopus/sesh/internal/fuzzy/fuzzy.go:198.16,200.3 1 0
github.com/benoctopus/sesh/internal/fuzzy/fuzzy.go:203.2,208.36 4 0
github.com/benoctopus/sesh/internal/fuzzy/fuzzy.go:208.36,210.3 1 0
github.com/benoctopus/sesh/internal/fuzzy/fuzzy.go:213.2,213.12 1 0
github.com/benoctopus/sesh/internal/fuzzy/fuzzy.go:213.12,215.30 2 0
github.com/benoctopus/sesh/internal/fuzzy/fuzzy.go:215.30,217.4 1 0
github.com/benoctopus/sesh/internal/fuzzy/fuzzy.go:221.2,222.16 2 0
github.com/benoctopus/sesh/internal/fuzzy/fuzzy.go:222.16,223.76 1 0
github.com/benoctopus/sesh/internal/fuzzy/fuzzy.go:223.76,225.4 1 0
github.com/benoctopus/sesh/internal/fuzzy/fuzzy.go:226.3,226.51 1 0
github.com/benoctopus/sesh/internal/fuzzy/fuzzy.go:229.2,230.20 2 0
github.com/benoctopus/sesh/internal/fuzzy/fuzzy.go:230.20,232.3 1 0
github.com/benoctopus/sesh/internal/fuzzy/fuzzy.go:234.2,234.22 1 0
github.com/benoctopus/sesh/internal/git/branch.go:19.59,22.16 3 0
github.com/benoctopus/sesh/internal/git/branch.go:22.16,24.3 1 0
github.com/benoctopus/sesh/internal/git/branch.go:26.2,26.48 1 0
github.com/benoctopus/sesh/internal/git/branch.go:31.60,34.16 3 0
github.com/benoctopus/sesh/internal/git/branch.go:34.16,36.3 1 0
github.com/benoctopus/sesh/internal/git/branch.go:38.2,42.34 3 0
github.com/benoctopus/sesh/internal/git/branch.go:42.34,43.39 1 0
github.com/benoctopus/sesh/internal/git/branch.go:43.39,44.12 1 0
github.com/benoctopus/sesh/internal/git/branch.go:47.3,47.43 1 0
github.com/benoctopus/sesh/internal/git/branch.go:47.43,49.4 1 0
github.com/benoctopus/sesh/internal/git/branch.go:49.9,51.4 1 0
github.com/benoctopus/sesh/internal/git/branch.go:54.2,54.20 1 0
github.com/benoctopus/sesh/internal/git/branch.go:59.61,62.16 3 0
github.com/benoctopus/sesh/internal/git/branch.go:62.16,64.3 1 0
github.com/benoctopus/sesh/internal/git/branch.go:67.2,74.34 5 0
github.com/benoctopus/sesh/internal/git/branch.go:74.34,75.39 1 0
github.com/benoctopus/sesh/internal/git/branch.go:75.39,76.12 1 0
github.com/benoctopus/sesh/internal/git/branch.go:79.3,81.15 3 0
github.com/benoctopus/sesh/internal/git/branch.go:81.15,83.4 1 0
github.com/benoctopus/sesh/internal/git/branch.go:86.3,86.23 1 0
github.com/benoctopus/sesh/internal/git/branch.go:86.23,87.12 1 0
github.com/benoctopus/sesh/internal/git/branch.go:89.3,95.5 2 0
github.com/benoctopus/sesh/internal/git/branch.go:98.2,98.20 1 0
github.com/benoctopus/sesh/internal/git/branch.go:102.61,106.16 3 0
github.com/benoctopus/sesh/internal/git/branch.go:106.16,108.3 1 0
github.com/benoctopus/sesh/internal/git/branch.go:111.2,113.16 3 0
github.com/benoctopus/sesh/internal/git/branch.go:113.16,115.3 1 0
github.com/benoctopus/sesh/internal/git/branch.go:118.2,118.75 1 0
github.com/benoctopus/sesh/internal/git/branch.go:118.75,120.3 1 0
github.com/benoctopus/sesh/internal/git/branch.go:122.2,122.19 1 0
github.com/benoctopus/sesh/internal/git/branch.go:126.56,129.16 3 0
github.com/benoctopus/sesh/internal/git/branch.go:129.16,131.3 1 0
github.com/benoctopus/sesh/internal/git/branch.go:132.2,133.18 2 0
github.com/benoctopus/sesh/internal/git/branch.go:133.18,135.3 1 0
github.com/benoctopus/sesh/internal/git/branch.go:136.2,136.20 1 0
github.com/benoctopus/sesh/internal/git/branch.go:140.66,143.16 3 0
github.com/benoctopus/sesh/internal/git/branch.go:143.16,144.76 1 0
github.com/benoctopus/sesh/internal/git/branch.go:144.76,146.4 1 0
github.com/benoctopus/sesh/internal/git/branch.go:147.3,147.73 1 0
github.com/benoctopus/sesh/internal/git/branch.go:149.2,149.18 1 0
github.com/benoctopus/sesh/internal/git/branch.go:153.67,156.16 3 0
github.com/benoctopus/sesh/internal/git/branch.go:156.16,157.76 1 0
github.com/benoctopus/sesh/internal/git/branch.go:157.76,159.4 1 0
github.com/benoctopus/sesh/internal/git/branch.go:160.3,160.74 1 0
github.com/benoctopus/sesh/internal/git/branch.go:162.2,162.18 1 0
github.com/benoctopus/sesh/internal/git/branch.go:166.49,169.21 3 1
github.com/benoctopus/sesh/internal/git/branch.go:169.21,171.17 2 1
github.com/benoctopus/sesh/internal/git/branch.go:171.17,173.4 1 1
github.com/benoctopus/sesh/internal/git/branch.go:175.2,175.17 1 1
github.com/benoctopus/sesh/internal/git/clone.go:14.46,17.16 3 0
github.com/benoctopus/sesh/internal/git/clone.go:17.16,19.3 1 0
github.com/benoctopus/sesh/internal/git/clone.go:20.2,20.12 1 0
github.com/benoctopus/sesh/internal/git/clone.go:24.52,27.16 3 0
github.com/benoctopus/sesh/internal/git/clone.go:27.16,29.3 1 0
github.com/benoctopus/sesh/internal/git/clone.go:30.2,30.47 1 0
github.com/benoctopus/sesh/internal/git/clone.go:39.75,41.42 1 1
github.com/benoctopus/sesh/internal/git/clone.go:41.42,43.22 2 1
github.com/benoctopus/sesh/internal/git/clone.go:43.22,45.4 1 1
github.com/benoctopus/sesh/internal/git/clone.go:46.3,51.25 4 1
github.com/benoctopus/sesh/internal/git/clone.go:51.25,53.4 1 0
github.com/benoctopus/sesh/internal/git/clone.go:54.3,57.30 3 1
github.com/benoctopus/sesh/internal/git/clone.go:61.2,62.16 2 1
github.com/benoctopus/sesh/internal/git/clone.go:62.16,64.3 1 0
github.com/benoctopus/sesh/internal/git/clone.go:66.2,71.24 5 1
github.com/benoctopus/sesh/internal/git/clone.go:71.24,73.3 1 1
github.com/benoctopus/sesh/internal/git/clone.go:75.2,78.29 3 1
github.com/benoctopus/sesh/internal/git/clone.go:83.60,85.16 2 1
github.com/benoctopus/sesh/internal/git/clone.go:85.16,87.3 1 1
github.com/benoctopus/sesh/internal/git/clone.go:88.2,88.44 1 1
github.com/benoctopus/sesh/internal/git/clone.go:92.35,95.16 3 0
github.com/benoctopus/sesh/internal/git/clone.go:95.16,97.3 1 0
github.com/benoctopus/sesh/internal/git/clone.go:98.2,98.12 1 0
github.com/benoctopus/sesh/internal/git/clone.go:102.56,106.16 3 0
github.com/benoctopus/sesh/internal/git/clone.go:106.16,108.64 1 0
github.com/benoctopus/sesh/internal/git/clone.go:108.64,109.98 1 0
github.com/benoctopus/sesh/internal/git/clone.go:109.98,111.5 1 0
github.com/benoctopus/sesh/internal/git/clone.go:113.3,113.66 1 0
github.com/benoctopus/sesh/internal/git/clone.go:117.2,119.20 3 0
github.com/benoctopus/sesh/internal/git/clone.go:119.20,121.3 1 0
github.com/benoctopus/sesh/internal/git/clone.go:123.2,123.33 1 0
github.com/benoctopus/sesh/internal/git/clone.go:127.55,130.16 3 0
github.com/benoctopus/sesh/internal/git/clone.go:130.16,131.74 1 0
github.com/benoctopus/sesh/internal/git/clone.go:131.74,133.4 1 0
github.com/benoctopus/sesh/internal/git/clone.go:134.3,134.64 1 0
github.com/benoctopus/sesh/internal/git/clone.go:136.2,136.18 1 0
github.com/benoctopus/sesh/internal/git/worktree.go:21.66,24.16 3 0
github.com/benoctopus/sesh/internal/git/worktree.go:24.16,26.3 1 0
github.com/benoctopus/sesh/internal/git/worktree.go:27.2,27.12 1 0
github.com/benoctopus/sesh/internal/git/worktree.go:32.87,35.16 3 0
github.com/benoctopus/sesh/internal/git/worktree.go:35.16,37.3 1 0
github.com/benoctopus/sesh/internal/git/worktree.go:38.2,38.12 1 0
github.com/benoctopus/sesh/internal/git/worktree.go:42.70,45.16 3 0
github.com/benoctopus/sesh/internal/git/worktree.go:45.16,47.3 1 0
github.com/benoctopus/sesh/internal/git/worktree.go:48.2,48.12 1 0
github.com/benoctopus/sesh/internal/git/worktree.go:52.61,55.16 3 0
github.com/benoctopus/sesh/internal/git/worktree.go:55.16,57.3 1 0
github.com/benoctopus/sesh/internal/git/worktree.go:59.2,59.42 1 0
github.com/benoctopus/sesh/internal/git/worktree.go:71.63,76.21 4 0
github.com/benoctopus/sesh/internal/git/worktree.go:76.21,78.17 2 0
github.com/benoctopus/sesh/internal/git/worktree.go:78.17,80.26 1 0
github.com/benoctopus/sesh/internal/git/worktree.go:80.26,83.5 2 0
github.com/benoctopus/sesh/internal/git/worktree.go:84.4,84.12 1 0
github.com/benoctopus/sesh/internal/git/worktree.go:87.3,88.21 2 0
github.com/benoctopus/sesh/internal/git/worktree.go:88.21,89.12 1 0
github.com/benoctopus/sesh/internal/git/worktree.go:92.3,95.14 3 0
github.com/benoctopus/sesh/internal/git/worktree.go:96.19,97.24 1 0
github.com/benoctopus/sesh/internal/git/worktree.go:98.15,99.26 1 0
github.com/benoctopus/sesh/internal/git/worktree.go:100.17,103.51 2 0
github.com/benoctopus/sesh/internal/git/worktree.go:103.51,105.5 1 0
github.com/benoctopus/sesh/internal/git/worktree.go:106.19,107.33 1 0
github.com/benoctopus/sesh/internal/git/worktree.go:112.2,112.24 1 0
github.com/benoctopus/sesh/internal/git/worktree.go:112.24,114.3 1 0
github.com/benoctopus/sesh/internal/git/worktree.go:116.2,116.38 1 0
github.com/benoctopus/sesh/internal/git/worktree.go:116.38,118.3 1 0
github.com/benoctopus/sesh/internal/git/worktree.go:120.2,120.23 1 0
github.com/benoctopus/sesh/internal/git/worktree.go:124.58,127.16 3 0
github.com/benoctopus/sesh/internal/git/worktree.go:127.16,129.3 1 0
github.com/benoctopus/sesh/internal/git/worktree.go:130.2,130.12 1 0
github.com/benoctopus/sesh/internal/git/worktree.go:134.63,137.16 3 0
github.com/benoctopus/sesh/internal/git/worktree.go:137.16,139.3 1 0
github.com/benoctopus/sesh/internal/git/worktree.go:140.2,140.12 1 0
github.com/benoctopus/sesh/internal/git/worktree.go:144.61,147.16 3 0
github.com/benoctopus/sesh/internal/git/worktree.go:147.16,149.3 1 0
github.com/benoctopus/sesh/internal/git/worktree.go:150.2,151.18 2 0
github.com/benoctopus/sesh/internal/git/worktree.go:151.18,153.3 1 0
github.com/benoctopus/sesh/internal/git/worktree.go:154.2,154.20 1 0
github.com/benoctopus/sesh/internal/git/worktree.go:158.44,161.16 3 0
github.com/benoctopus/sesh/internal/git/worktree.go:161.16,163.3 1 0
github.com/benoctopus/sesh/internal/git/worktree.go:164.2,164.12 1 0
github.com/benoctopus/sesh/internal/session/manager.go:53.64,57.53 2 0
github.com/benoctopus/sesh/internal/session/manager.go:57.53,59.17 2 0
github.com/benoctopus/sesh/internal/session/manager.go:59.17,61.4 1 0
github.com/benoctopus/sesh/internal/session/manager.go:62.3,62.32 1 0
github.com/benoctopus/sesh/internal/session/manager.go:65.2,65.21 1 0
github.com/benoctopus/sesh/internal/session/manager.go:66.19,67.31 1 0
github.com/benoctopus/sesh/internal/session/manager.go:68.19,69.31 1 0
github.com/benoctopus/sesh/internal/session/manager.go:75.10,76.70 1 0
github.com/benoctopus/sesh/internal/session/manager.go:82.43,84.32 1 0
github.com/benoctopus/sesh/internal/session/manager.go:84.32,86.3 1 0
github.com/benoctopus/sesh/internal/session/manager.go:89.2,89.34 1 0
github.com/benoctopus/sesh/internal/session/manager.go:89.34,91.3 1 0
github.com/benoctopus/sesh/internal/session/manager.go:94.2,94.34 1 0
github.com/benoctopus/sesh/internal/session/manager.go:94.34,96.3 1 0
github.com/benoctopus/sesh/internal/session/manager.go:99.2,99.25 1 0
github.com/benoctopus/sesh/internal/session/manager.go:103.46,106.2 2 0
github.com/benoctopus/sesh/internal/session/manager.go:109.49,110.17 1 1
github.com/benoctopus/sesh/internal/session/manager.go:111.19,112.16 1 1
github.com/benoctopus/sesh/internal/session/manager.go:113.21,114.18 1 1
github.com/benoctopus/sesh/internal/session/manager.go:115.21,116.22 1 1
github.com/benoctopus/sesh/internal/session/manager.go:117.19,118.37 1 1
github.com/benoctopus/sesh/internal/session/manager.go:119.10,120.19 1 1
github.com/benoctopus/sesh/internal/session/manager.go:128.36,130.2 1 1
github.com/benoctopus/sesh/internal/session/manager.go:132.55,134.2 1 1
github.com/benoctopus/sesh/internal/session/manager.go:136.49,138.2 1 1
github.com/benoctopus/sesh/internal/session/manager.go:140.49,142.2 1 1
github.com/benoctopus/sesh/internal/session/manager.go:144.48,146.2 1 1
github.com/benoctopus/sesh/internal/session/manager.go:148.49,150.2 1 1
github.com/benoctopus/sesh/internal/session/manager.go:152.57,154.2 1 1
github.com/benoctopus/sesh/internal/session/manager.go:156.49,158.2 1 1
github.com/benoctopus/sesh/internal/session/manager.go:160.37,162.2 1 1
github.com/benoctopus/sesh/internal/session/manager.go:164.46,166.2 1 1
github.com/benoctopus/sesh/internal/session/manager.go:169.26,171.2 1 1
github.com/benoctopus/sesh/internal/session/manager.go:174.28,176.2 1 1
github.com/benoctopus/sesh/internal/session/manager.go:179.28,181.2 1 1
github.com/benoctopus/sesh/internal/session/manager.go:184.32,186.2 1 1
github.com/benoctopus/sesh/internal/session/tmux.go:17.36,19.2 1 0
github.com/benoctopus/sesh/internal/session/tmux.go:22.55,25.16 2 0
github.com/benoctopus/sesh/internal/session/tmux.go:25.16,27.3 1 0
github.com/benoctopus/sesh/internal/session/tmux.go:28.2,28.12 1 0
github.com/benoctopus/sesh/internal/session/tmux.go:28.12,30.3 1 0
github.com/benoctopus/sesh/internal/session/tmux.go:33.2,35.16 3 0
github.com/benoctopus/sesh/internal/session/tmux.go:35.16,37.3 1 0
github.com/benoctopus/sesh/internal/session/tmux.go:39.2,39.12 1 0
github.com/benoctopus/sesh/internal/session/tmux.go:44.49,47.16 2 0
github.com/benoctopus/sesh/internal/session/tmux.go:47.16,49.3 1 0
github.com/benoctopus/sesh/internal/session/tmux.go:50.2,50.13 1 0
github.com/benoctopus/sesh/internal/session/tmux.go:50.13,52.3 1 0
github.com/benoctopus/sesh/internal/session/tmux.go:55.2,55.25 1 0
github.com/benoctopus/sesh/internal/session/tmux.go:55.25,57.3 1 0
github.com/benoctopus/sesh/internal/session/tmux.go:61.2,62.16 2 0
github.com/benoctopus/sesh/internal/session/tmux.go:62.16,64.3 1 0
github.com/benoctopus/sesh/internal/session/tmux.go:66.2,67.16 2 0
github.com/benoctopus/sesh/internal/session/tmux.go:67.16,69.3 1 0
github.com/benoctopus/sesh/internal/session/tmux.go:71.2,71.12 1 0
github.com/benoctopus/sesh/internal/session/tmux.go:75.49,78.16 2 0
github.com/benoctopus/sesh/internal/session/tmux.go:78.16,80.3 1 0
github.com/benoctopus/sesh/internal/session/tmux.go:81.2,81.13 1 0
github.com/benoctopus/sesh/internal/session/tmux.go:81.13,83.3 1 0
github.com/benoctopus/sesh/internal/session/tmux.go:86.2,86.26 1 0
github.com/benoctopus/sesh/internal/session/tmux.go:86.26,88.3 1 0
github.com/benoctopus/sesh/internal/session/tmux.go:91.2,93.16 3 0
github.com/benoctopus/sesh/internal/session/tmux.go:93.16,95.3 1 0
github.com/benoctopus/sesh/internal/session/tmux.go:97.2,97.12 1 0
github.com/benoctopus/sesh/internal/session/tmux.go:101.48,104.16 3 0
github.com/benoctopus/sesh/internal/session/tmux.go:104.16,106.74 1 0
github.com/benoctopus/sesh/internal/session/tmux.go:106.74,108.4 1 0
github.com/benoctopus/sesh/internal/session/tmux.go:109.3,109.61 1 0
github.com/benoctopus/sesh/internal/session/tmux.go:112.2,112.43 1 0
github.com/benoctopus/sesh/internal/session/tmux.go:116.49,119.16 2 0
github.com/benoctopus/sesh/internal/session/tmux.go:119.16,121.3 1 0
github.com/benoctopus/sesh/internal/session/tmux.go:122.2,122.13 1 0
github.com/benoctopus/sesh/internal/session/tmux.go:122.13,124.3 1 0
github.com/benoctopus/sesh/internal/session/tmux.go:126.2,128.16 3 0
github.com/benoctopus/sesh/internal/session/tmux.go:128.16,130.3 1 0
github.com/benoctopus/sesh/internal/session/tmux.go:132.2,132.12 1 0
github.com/benoctopus/sesh/internal/session/tmux.go:136.57,139.16 3 0
github.com/benoctopus/sesh/internal/session/tmux.go:139.16,140.74 1 0
github.com/benoctopus/sesh/internal/session/tmux.go:140.74,143.4 1 0
github.com/benoctopus/sesh/internal/session/tmux.go:144.3,144.73 1 0
github.com/benoctopus/sesh/internal/session/tmux.go:146.2,146.18 1 0
github.com/benoctopus/sesh/internal/session/tmux.go:150.49,152.33 1 0
github.com/benoctopus/sesh/internal/session/tmux.go:152.33,154.3 1 0
github.com/benoctopus/sesh/internal/session/tmux.go:157.2,159.16 3 0
github.com/benoctopus/sesh/internal/session/tmux.go:159.16,160.74 1 0
github.com/benoctopus/sesh/internal/session/tmux.go:160.74,163.4 1 0
github.com/benoctopus/sesh/internal/session/tmux.go:165.3,165.20 1 0
github.com/benoctopus/sesh/internal/session/tmux.go:167.2,167.18 1 0
github.com/benoctopus/sesh/internal/session/tmux.go:171.37,173.2 1 0
github.com/benoctopus/sesh/internal/session/tmux.go:176.46,178.2 1 0
github.com/benoctopus/sesh/internal/session/tmux.go:181.44,184.21 3 0
github.com/benoctopus/sesh/internal/session/tmux.go:184.21,186.17 2 0
github.com/benoctopus/sesh/internal/session/tmux.go:186.17,188.4 1 0
github.com/benoctopus/sesh/internal/session/tmux.go:190.2,190.17 1 0
github.com/benoctopus/sesh/internal/session/tmux.go:195.59,196.26 1 0
github.com/benoctopus/sesh/internal/session/tmux.go:196.26,198.3 1 0
github.com/benoctopus/sesh/internal/session/tmux.go:200.2,202.16 3 0
github.com/benoctopus/sesh/internal/session/tmux.go:202.16,204.3 1 0
github.com/benoctopus/sesh/internal/session/tmux.go:206.2,206.47 1 0
github.com/benoctopus/sesh/internal/session/tmux.go:210.63,212.16 2 0
github.com/benoctopus/sesh/internal/session/tmux.go:212.16,214.3 1 0
github.com/benoctopus/sesh/internal/session/tmux.go:216.2,216.12 1 0
github.com/benoctopus/sesh/internal/session/tmux.go:216.12,218.3 1 0
github.com/benoctopus/sesh/internal/session/tmux.go:220.2,220.45 1 0
github.com/benoctopus/sesh/internal/session/tmux.go:220.45,222.3 1 0
github.com/benoctopus/sesh/internal/session/tmux.go:224.2,224.23 1 0
github.com/benoctopus/sesh/internal/session/tmux.go:228.61,231.16 2 0
github.com/benoctopus/sesh/internal/session/tmux.go:231.16,233.3 1 0
github.com/benoctopus/sesh/internal/session/tmux.go:234.2,234.13 1 0
github.com/benoctopus/sesh/internal/session/tmux.go:234.13,236.3 1 0
github.com/benoctopus/sesh/internal/session/tmux.go:239.2,240.16 2 0
github.com/benoctopus/sesh/internal/session/tmux.go:240.16,242.3 1 0
github.com/benoctopus/sesh/internal/session/tmux.go:243.2,243.12 1 0
github.com/benoctopus/sesh/internal/session/tmux.go:243.12,245.3 1 0
github.com/benoctopus/sesh/internal/session/tmux.go:247.2,249.16 3 0
github.com/benoctopus/sesh/internal/session/tmux.go:249.16,251.3 1 0
github.com/benoctopus/sesh/internal/session/tmux.go:253.2,253.12 1 0
github.com/benoctopus/sesh/internal/project/project.go:21.96,23.23 1 0
github.com/benoctopus/sesh/internal/project/project.go:23.23,25.17 2 0
github.com/benoctopus/sesh/internal/project/project.go:25.17,27.4 1 0
github.com/benoctopus/sesh/internal/project/project.go:28.3,28.22 1 0
github.com/benoctopus/sesh/internal/project/project.go:32.2,33.16 2 0
github.com/benoctopus/sesh/internal/project/project.go:33.16,35.3 1 0
github.com/benoctopus/sesh/internal/project/project.go:38.2,39.16 2 0
github.com/benoctopus/sesh/internal/project/project.go:39.16,41.3 1 0
github.com/benoctopus/sesh/internal/project/project.go:43.2,43.21 1 0
github.com/benoctopus/sesh/internal/project/project.go:48.55,51.16 2 0
github.com/benoctopus/sesh/internal/project/project.go:51.16,53.3 1 0
github.com/benoctopus/sesh/internal/project/project.go:56.2,57.16 2 0
github.com/benoctopus/sesh/internal/project/project.go:57.16,59.3 1 0
github.com/benoctopus/sesh/internal/project/project.go:62.2,63.16 2 0
github.com/benoctopus/sesh/internal/project/project.go:63.16,65.3 1 0
github.com/benoctopus/sesh/internal/project/project.go:67.2,67.25 1 0
github.com/benoctopus/sesh/internal/project/project.go:72.52,74.16 2 0
github.com/benoctopus/sesh/internal/project/project.go:74.16,76.3 1 0
github.com/benoctopus/sesh/internal/project/project.go:78.2,78.6 1 0
github.com/benoctopus/sesh/internal/project/project.go:78.6,82.45 2 0
github.com/benoctopus/sesh/internal/project/project.go:82.45,84.4 1 0
github.com/benoctopus/sesh/internal/project/project.go:87.3,90.21 2 0
github.com/benoctopus/sesh/internal/project/project.go:90.21,92.4 1 0
github.com/benoctopus/sesh/internal/project/project.go:94.3,94.16 1 0
github.com/benoctopus/sesh/internal/project/project.go:100.65,102.2 1 1
github.com/benoctopus/sesh/internal/project/project.go:105.42,108.2 2 0
github.com/benoctopus/sesh/internal/project/project.go:111.62,113.16 2 0
github.com/benoctopus/sesh/internal/project/project.go:113.16,115.3 1 0
github.com/benoctopus/sesh/internal/project/project.go:116.2,116.34 1 0
github.com/benoctopus/sesh/internal/project/project.go:121.104,123.16 2 0
github.com/benoctopus/sesh/internal/project/project.go:123.16,125.24 1 0
github.com/benoctopus/sesh/internal/project/project.go:125.24,127.31 1 0
github.com/benoctopus/sesh/internal/project/project.go:127.31,133.5 1 0
github.com/benoctopus/sesh/internal/project/project.go:134.4,135.58 1 0
github.com/benoctopus/sesh/internal/project/project.go:139.3,140.76 1 0
github.com/benoctopus/sesh/internal/project/project.go:142.2,142.21 1 0
github.com/benoctopus/sesh/internal/project/project.go:147.84,150.16 2 0
github.com/benoctopus/sesh/internal/project/project.go:150.16,152.3 1 0
github.com/benoctopus/sesh/internal/project/project.go:155.2,156.16 2 0
github.com/benoctopus/sesh/internal/project/project.go:156.16,158.3 1 0
github.com/benoctopus/sesh/internal/project/project.go:160.2,160.22 1 0
github.com/benoctopus/sesh/internal/project/project.go:165.47,170.2 4 1
github.com/benoctopus/sesh/internal/workspace/workspace.go:16.62,18.2 1 1
github.com/benoctopus/sesh/internal/workspace/workspace.go:22.63,24.2 1 0
github.com/benoctopus/sesh/internal/workspace/workspace.go:29.57,32.2 2 1
github.com/benoctopus/sesh/internal/workspace/workspace.go:35.49,36.55 1 0
github.com/benoctopus/sesh/internal/workspace/workspace.go:36.55,38.3 1 0
github.com/benoctopus/sesh/internal/workspace/workspace.go:39.2,39.12 1 0
github.com/benoctopus/sesh/internal/workspace/workspace.go:45.61,53.2 3 1
github.com/benoctopus/sesh/internal/workspace/workspace.go:61.47,94.2 26 1
github.com/benoctopus/sesh/internal/workspace/workspace.go:99.67,101.21 2 1
github.com/benoctopus/sesh/internal/workspace/workspace.go:101.21,103.3 1 1
github.com/benoctopus/sesh/internal/workspace/workspace.go:104.2,104.32 1 1
github.com/benoctopus/sesh/internal/workspace/workspace.go:109.56,111.2 1 1
github.com/benoctopus/sesh/internal/workspace/workspace.go:115.76,118.16 2 1
github.com/benoctopus/sesh/internal/workspace/workspace.go:118.16,120.3 1 0
github.com/benoctopus/sesh/internal/workspace/workspace.go:123.2,124.20 2 1
github.com/benoctopus/sesh/internal/workspace/workspace.go:124.20,126.3 1 0
github.com/benoctopus/sesh/internal/workspace/workspace.go:129.2,130.25 2 1
github.com/benoctopus/sesh/internal/workspace/workspace.go:134.48,136.16 2 0
github.com/benoctopus/sesh/internal/workspace/workspace.go:136.16,138.3 1 0
github.com/benoctopus/sesh/internal/workspace/workspace.go:139.2,139.21 1 0
github.com/benoctopus/sesh/internal/workspace/workspace.go:143.59,146.16 3 0
github.com/benoctopus/sesh/internal/workspace/workspace.go:146.16,148.3 1 0
github.com/benoctopus/sesh/internal/workspace/workspace.go:149.2,149.21 1 0
github.com/benoctopus/sesh/internal/workspace/workspace.go:153.47,155.16 2 0
github.com/benoctopus/sesh/internal/workspace/workspace.go:155.16,157.3 1 0
github.com/benoctopus/sesh/internal/workspace/workspace.go:158.2,158.21 1 0
github.com/benoctopus/sesh/internal/workspace/workspace.go:163.58,167.90 2 0
github.com/benoctopus/sesh/internal/workspace/workspace.go:167.90,168.17 1 0
github.com/benoctopus/sesh/internal/workspace/workspace.go:168.17,170.4 1 0
github.com/benoctopus/sesh/internal/workspace/workspace.go:173.3,173.20 1 0
github.com/benoctopus/sesh/internal/workspace/workspace.go:173.20,175.4 1 0
github.com/benoctopus/sesh/internal/workspace/workspace.go:178.3,178.28 1 0
github.com/benoctopus/sesh/internal/workspace/workspace.go:178.28,184.18 3 0
github.com/benoctopus/sesh/internal/workspace/workspace.go:184.18,186.5 1 0
github.com/benoctopus/sesh/internal/workspace/workspace.go:188.4,191.27 2 0
github.com/benoctopus/sesh/internal/workspace/workspace.go:194.3,194.13 1 0
github.com/benoctopus/sesh/internal/workspace/workspace.go:197.2,197.16 1 0
github.com/benoctopus/sesh/internal/workspace/workspace.go:197.16,199.3 1 0
github.com/benoctopus/sesh/internal/workspace/workspace.go:201.2,201.22 1 0
github.com/benoctopus/sesh/internal/workspace/workspace.go:205.36,207.2 1 1
github.com/benoctopus/sesh/internal/workspace/workspace.go:210.46,211.35 1 1
github.com/benoctopus/sesh/internal/workspace/workspace.go:211.35,213.3 1 1
github.com/benoctopus/sesh/internal/workspace/workspace.go:215.2,216.16 2 1
github.com/benoctopus/sesh/internal/workspace/workspace.go:216.16,218.3 1 0
github.com/benoctopus/sesh/internal/workspace/workspace.go:220.2,220.17 1 1
github.com/benoctopus/sesh/internal/workspace/workspace.go:220.17,222.3 1 1
github.com/benoctopus/sesh/internal/workspace/workspace.go:224.2,224.35 1 1
github.com/benoctopus/sesh/internal/workspace/workspace.go:224.35,226.3 1 1
github.com/benoctopus/sesh/internal/workspace/workspace.go:228.2,228.18 1 0
